<?xml version="1.0" encoding="UTF-8"?>
<!-- Generated by org.testng.reporters.JUnitXMLReporter -->
<testsuite ignored="0" hostname="DESKTOP-5MRDKS5" failures="0" tests="3" name="Default test" time="51.934" errors="0" timestamp="2020-06-26T00:00:07 IST">
  <testcase classname="testcases.PolicyDetailsTest" name="policyDetailsValid" time="8.68"/>
  <testcase classname="testcases.PolicyDetailsTest" name="policyDetailsEmptyValueInvalid" time="8.673"/>
  <testcase classname="testcases.PolicyDetailsTest" name="policyDetailsIncorrectValueInvalid" time="13.723"/>
</testsuite> <!-- Default test -->
