<?xml version="1.0" encoding="UTF-8"?>
<testng-results ignored="0" total="3" passed="3" failed="0" skipped="0">
  <reporter-output>
  </reporter-output>
  <suite started-at="2020-06-25T23:59:15 IST" name="Default suite" finished-at="2020-06-26T00:00:07 IST" duration-ms="51934">
    <groups>
    </groups>
    <test started-at="2020-06-25T23:59:15 IST" name="Default test" finished-at="2020-06-26T00:00:07 IST" duration-ms="51934">
      <class name="testcases.PolicyDetailsTest">
        <test-method is-config="true" signature="setup()[pri:0, instance:testcases.PolicyDetailsTest@14d3bc22]" started-at="2020-06-25T23:59:15 IST" name="setup" finished-at="2020-06-25T23:59:23 IST" duration-ms="7420" status="PASS">
          <reporter-output>
          </reporter-output>
        </test-method> <!-- setup -->
        <test-method signature="policyDetailsValid()[pri:0, instance:testcases.PolicyDetailsTest@14d3bc22]" started-at="2020-06-25T23:59:23 IST" name="policyDetailsValid" finished-at="2020-06-25T23:59:31 IST" duration-ms="8680" status="PASS">
          <reporter-output>
          </reporter-output>
        </test-method> <!-- policyDetailsValid -->
        <test-method is-config="true" signature="teardown()[pri:0, instance:testcases.PolicyDetailsTest@14d3bc22]" started-at="2020-06-25T23:59:31 IST" name="teardown" finished-at="2020-06-25T23:59:32 IST" duration-ms="744" status="PASS">
          <reporter-output>
          </reporter-output>
        </test-method> <!-- teardown -->
        <test-method is-config="true" signature="setup()[pri:0, instance:testcases.PolicyDetailsTest@14d3bc22]" started-at="2020-06-25T23:59:32 IST" name="setup" finished-at="2020-06-25T23:59:38 IST" duration-ms="5661" status="PASS">
          <reporter-output>
          </reporter-output>
        </test-method> <!-- setup -->
        <test-method signature="policyDetailsEmptyValueInvalid()[pri:1, instance:testcases.PolicyDetailsTest@14d3bc22]" started-at="2020-06-25T23:59:38 IST" name="policyDetailsEmptyValueInvalid" finished-at="2020-06-25T23:59:46 IST" duration-ms="8673" status="PASS">
          <reporter-output>
          </reporter-output>
        </test-method> <!-- policyDetailsEmptyValueInvalid -->
        <test-method is-config="true" signature="teardown()[pri:0, instance:testcases.PolicyDetailsTest@14d3bc22]" started-at="2020-06-25T23:59:46 IST" name="teardown" finished-at="2020-06-25T23:59:47 IST" duration-ms="745" status="PASS">
          <reporter-output>
          </reporter-output>
        </test-method> <!-- teardown -->
        <test-method is-config="true" signature="setup()[pri:0, instance:testcases.PolicyDetailsTest@14d3bc22]" started-at="2020-06-25T23:59:47 IST" name="setup" finished-at="2020-06-25T23:59:53 IST" duration-ms="5467" status="PASS">
          <reporter-output>
          </reporter-output>
        </test-method> <!-- setup -->
        <test-method signature="policyDetailsIncorrectValueInvalid()[pri:2, instance:testcases.PolicyDetailsTest@14d3bc22]" started-at="2020-06-25T23:59:53 IST" name="policyDetailsIncorrectValueInvalid" finished-at="2020-06-26T00:00:06 IST" duration-ms="13723" status="PASS">
          <reporter-output>
          </reporter-output>
        </test-method> <!-- policyDetailsIncorrectValueInvalid -->
        <test-method is-config="true" signature="teardown()[pri:0, instance:testcases.PolicyDetailsTest@14d3bc22]" started-at="2020-06-26T00:00:06 IST" name="teardown" finished-at="2020-06-26T00:00:07 IST" duration-ms="750" status="PASS">
          <reporter-output>
          </reporter-output>
        </test-method> <!-- teardown -->
      </class> <!-- testcases.PolicyDetailsTest -->
    </test> <!-- Default test -->
  </suite> <!-- Default suite -->
</testng-results>
